============================================
  KijaniKiosk IaC Pipeline
  Mon Apr 20 09:50:26 PM EAT 2026
============================================

>>> Phase 1: Terraform - Provisioning infrastructure
--------------------------------------------
[0m[1mInitializing the backend...[0m
[0m[1mInitializing modules...[0m
[0m[1mInitializing provider plugins...[0m
- Reusing previous version of hashicorp/aws from the dependency lock file
- Using previously-installed hashicorp/aws v5.100.0

[0m[1m[32mTerraform has been successfully initialized![0m[32m[0m
[0m[32m
You may now begin working with Terraform. Try running "terraform plan" to see
any changes that are required for your infrastructure. All Terraform commands
should now work.

If you ever set or change modules or backend configuration for Terraform,
rerun this command to reinitialize your working directory. If you forget, other
commands will detect it and remind you to do so if necessary.[0m

>>> Running terraform plan...
Acquiring state lock. This may take a few moments...
[0m[1mdata.aws_vpc.default: Reading...[0m[0m
[0m[1mdata.aws_ami.ubuntu_2204: Reading...[0m[0m
[0m[1mdata.aws_ami.ubuntu_2204: Read complete after 1s [id=ami-02b2b2920b4582828][0m
[0m[1mdata.aws_vpc.default: Read complete after 1s [id=vpc-7ba55102][0m
[0m[1mdata.aws_subnets.default: Reading...[0m[0m
[0m[1mdata.aws_subnets.default: Read complete after 1s [id=eu-west-1][0m

Terraform used the selected providers to generate the following execution
plan. Resource actions are indicated with the following symbols:
  [32m+[0m create[0m

Terraform will perform the following actions:

[1m  # module.app_servers["api"].aws_instance.this[0m will be created
[0m  [32m+[0m[0m resource "aws_instance" "this" {
      [32m+[0m[0m ami                                  = "ami-02b2b2920b4582828"
      [32m+[0m[0m arn                                  = (known after apply)
      [32m+[0m[0m associate_public_ip_address          = (known after apply)
      [32m+[0m[0m availability_zone                    = (known after apply)
      [32m+[0m[0m cpu_core_count                       = (known after apply)
      [32m+[0m[0m cpu_threads_per_core                 = (known after apply)
      [32m+[0m[0m disable_api_stop                     = (known after apply)
      [32m+[0m[0m disable_api_termination              = (known after apply)
      [32m+[0m[0m ebs_optimized                        = (known after apply)
      [32m+[0m[0m enable_primary_ipv6                  = (known after apply)
      [32m+[0m[0m get_password_data                    = false
      [32m+[0m[0m host_id                              = (known after apply)
      [32m+[0m[0m host_resource_group_arn              = (known after apply)
      [32m+[0m[0m iam_instance_profile                 = (known after apply)
      [32m+[0m[0m id                                   = (known after apply)
      [32m+[0m[0m instance_initiated_shutdown_behavior = (known after apply)
      [32m+[0m[0m instance_lifecycle                   = (known after apply)
      [32m+[0m[0m instance_state                       = (known after apply)
      [32m+[0m[0m instance_type                        = "t2.micro"
      [32m+[0m[0m ipv6_address_count                   = (known after apply)
      [32m+[0m[0m ipv6_addresses                       = (known after apply)
      [32m+[0m[0m key_name                             = "kijanikiosk-aws"
      [32m+[0m[0m monitoring                           = (known after apply)
      [32m+[0m[0m outpost_arn                          = (known after apply)
      [32m+[0m[0m password_data                        = (known after apply)
      [32m+[0m[0m placement_group                      = (known after apply)
      [32m+[0m[0m placement_partition_number           = (known after apply)
      [32m+[0m[0m primary_network_interface_id         = (known after apply)
      [32m+[0m[0m private_dns                          = (known after apply)
      [32m+[0m[0m private_ip                           = (known after apply)
      [32m+[0m[0m public_dns                           = (known after apply)
      [32m+[0m[0m public_ip                            = (known after apply)
      [32m+[0m[0m secondary_private_ips                = (known after apply)
      [32m+[0m[0m security_groups                      = (known after apply)
      [32m+[0m[0m source_dest_check                    = true
      [32m+[0m[0m spot_instance_request_id             = (known after apply)
      [32m+[0m[0m subnet_id                            = "subnet-15a48273"
      [32m+[0m[0m tags                                 = {
          [32m+[0m[0m "Environment" = "staging"
          [32m+[0m[0m "ManagedBy"   = "terraform"
          [32m+[0m[0m "Name"        = "kijanikiosk-api-staging"
          [32m+[0m[0m "Service"     = "api"
        }
      [32m+[0m[0m tags_all                             = {
          [32m+[0m[0m "Environment" = "staging"
          [32m+[0m[0m "ManagedBy"   = "terraform"
          [32m+[0m[0m "Name"        = "kijanikiosk-api-staging"
          [32m+[0m[0m "Service"     = "api"
        }
      [32m+[0m[0m tenancy                              = (known after apply)
      [32m+[0m[0m user_data                            = (known after apply)
      [32m+[0m[0m user_data_base64                     = (known after apply)
      [32m+[0m[0m user_data_replace_on_change          = false
      [32m+[0m[0m vpc_security_group_ids               = (known after apply)

      [32m+[0m[0m capacity_reservation_specification (known after apply)

      [32m+[0m[0m cpu_options (known after apply)

      [32m+[0m[0m ebs_block_device (known after apply)

      [32m+[0m[0m enclave_options (known after apply)

      [32m+[0m[0m ephemeral_block_device (known after apply)

      [32m+[0m[0m instance_market_options (known after apply)

      [32m+[0m[0m maintenance_options (known after apply)

      [32m+[0m[0m metadata_options (known after apply)

      [32m+[0m[0m network_interface (known after apply)

      [32m+[0m[0m private_dns_name_options (known after apply)

      [32m+[0m[0m root_block_device (known after apply)
    }

[1m  # module.app_servers["api"].aws_security_group.app[0m will be created
[0m  [32m+[0m[0m resource "aws_security_group" "app" {
      [32m+[0m[0m arn                    = (known after apply)
      [32m+[0m[0m description            = "KijaniKiosk api server firewall"
      [32m+[0m[0m egress                 = [
          [32m+[0m[0m {
              [32m+[0m[0m cidr_blocks      = [
                  [32m+[0m[0m "0.0.0.0/0",
                ]
              [32m+[0m[0m from_port        = 0
              [32m+[0m[0m ipv6_cidr_blocks = []
              [32m+[0m[0m prefix_list_ids  = []
              [32m+[0m[0m protocol         = "-1"
              [32m+[0m[0m security_groups  = []
              [32m+[0m[0m self             = false
              [32m+[0m[0m to_port          = 0
                [90m# (1 unchanged attribute hidden)[0m[0m
            },
        ]
      [32m+[0m[0m id                     = (known after apply)
      [32m+[0m[0m ingress                = [
          [32m+[0m[0m {
              [32m+[0m[0m cidr_blocks      = [
                  [32m+[0m[0m "0.0.0.0/0",
                ]
              [32m+[0m[0m from_port        = 80
              [32m+[0m[0m ipv6_cidr_blocks = []
              [32m+[0m[0m prefix_list_ids  = []
              [32m+[0m[0m protocol         = "tcp"
              [32m+[0m[0m security_groups  = []
              [32m+[0m[0m self             = false
              [32m+[0m[0m to_port          = 80
                [90m# (1 unchanged attribute hidden)[0m[0m
            },
          [32m+[0m[0m {
              [32m+[0m[0m cidr_blocks      = [
                  [32m+[0m[0m "41.90.208.215/32",
                ]
              [32m+[0m[0m from_port        = 22
              [32m+[0m[0m ipv6_cidr_blocks = []
              [32m+[0m[0m prefix_list_ids  = []
              [32m+[0m[0m protocol         = "tcp"
              [32m+[0m[0m security_groups  = []
              [32m+[0m[0m self             = false
              [32m+[0m[0m to_port          = 22
                [90m# (1 unchanged attribute hidden)[0m[0m
            },
        ]
      [32m+[0m[0m name                   = "kijanikiosk-api-staging-sg"
      [32m+[0m[0m name_prefix            = (known after apply)
      [32m+[0m[0m owner_id               = (known after apply)
      [32m+[0m[0m revoke_rules_on_delete = false
      [32m+[0m[0m tags                   = {
          [32m+[0m[0m "Name" = "kijanikiosk-api-staging-sg"
        }
      [32m+[0m[0m tags_all               = {
          [32m+[0m[0m "Name" = "kijanikiosk-api-staging-sg"
        }
      [32m+[0m[0m vpc_id                 = "vpc-7ba55102"
    }

[1m  # module.app_servers["logs"].aws_instance.this[0m will be created
[0m  [32m+[0m[0m resource "aws_instance" "this" {
      [32m+[0m[0m ami                                  = "ami-02b2b2920b4582828"
      [32m+[0m[0m arn                                  = (known after apply)
      [32m+[0m[0m associate_public_ip_address          = (known after apply)
      [32m+[0m[0m availability_zone                    = (known after apply)
      [32m+[0m[0m cpu_core_count                       = (known after apply)
      [32m+[0m[0m cpu_threads_per_core                 = (known after apply)
      [32m+[0m[0m disable_api_stop                     = (known after apply)
      [32m+[0m[0m disable_api_termination              = (known after apply)
      [32m+[0m[0m ebs_optimized                        = (known after apply)
      [32m+[0m[0m enable_primary_ipv6                  = (known after apply)
      [32m+[0m[0m get_password_data                    = false
      [32m+[0m[0m host_id                              = (known after apply)
      [32m+[0m[0m host_resource_group_arn              = (known after apply)
      [32m+[0m[0m iam_instance_profile                 = (known after apply)
      [32m+[0m[0m id                                   = (known after apply)
      [32m+[0m[0m instance_initiated_shutdown_behavior = (known after apply)
      [32m+[0m[0m instance_lifecycle                   = (known after apply)
      [32m+[0m[0m instance_state                       = (known after apply)
      [32m+[0m[0m instance_type                        = "t2.micro"
      [32m+[0m[0m ipv6_address_count                   = (known after apply)
      [32m+[0m[0m ipv6_addresses                       = (known after apply)
      [32m+[0m[0m key_name                             = "kijanikiosk-aws"
      [32m+[0m[0m monitoring                           = (known after apply)
      [32m+[0m[0m outpost_arn                          = (known after apply)
      [32m+[0m[0m password_data                        = (known after apply)
      [32m+[0m[0m placement_group                      = (known after apply)
      [32m+[0m[0m placement_partition_number           = (known after apply)
      [32m+[0m[0m primary_network_interface_id         = (known after apply)
      [32m+[0m[0m private_dns                          = (known after apply)
      [32m+[0m[0m private_ip                           = (known after apply)
      [32m+[0m[0m public_dns                           = (known after apply)
      [32m+[0m[0m public_ip                            = (known after apply)
      [32m+[0m[0m secondary_private_ips                = (known after apply)
      [32m+[0m[0m security_groups                      = (known after apply)
      [32m+[0m[0m source_dest_check                    = true
      [32m+[0m[0m spot_instance_request_id             = (known after apply)
      [32m+[0m[0m subnet_id                            = "subnet-15a48273"
      [32m+[0m[0m tags                                 = {
          [32m+[0m[0m "Environment" = "staging"
          [32m+[0m[0m "ManagedBy"   = "terraform"
          [32m+[0m[0m "Name"        = "kijanikiosk-logs-staging"
          [32m+[0m[0m "Service"     = "logs"
        }
      [32m+[0m[0m tags_all                             = {
          [32m+[0m[0m "Environment" = "staging"
          [32m+[0m[0m "ManagedBy"   = "terraform"
          [32m+[0m[0m "Name"        = "kijanikiosk-logs-staging"
          [32m+[0m[0m "Service"     = "logs"
        }
      [32m+[0m[0m tenancy                              = (known after apply)
      [32m+[0m[0m user_data                            = (known after apply)
      [32m+[0m[0m user_data_base64                     = (known after apply)
      [32m+[0m[0m user_data_replace_on_change          = false
      [32m+[0m[0m vpc_security_group_ids               = (known after apply)

      [32m+[0m[0m capacity_reservation_specification (known after apply)

      [32m+[0m[0m cpu_options (known after apply)

      [32m+[0m[0m ebs_block_device (known after apply)

      [32m+[0m[0m enclave_options (known after apply)

      [32m+[0m[0m ephemeral_block_device (known after apply)

      [32m+[0m[0m instance_market_options (known after apply)

      [32m+[0m[0m maintenance_options (known after apply)

      [32m+[0m[0m metadata_options (known after apply)

      [32m+[0m[0m network_interface (known after apply)

      [32m+[0m[0m private_dns_name_options (known after apply)

      [32m+[0m[0m root_block_device (known after apply)
    }

[1m  # module.app_servers["logs"].aws_security_group.app[0m will be created
[0m  [32m+[0m[0m resource "aws_security_group" "app" {
      [32m+[0m[0m arn                    = (known after apply)
      [32m+[0m[0m description            = "KijaniKiosk logs server firewall"
      [32m+[0m[0m egress                 = [
          [32m+[0m[0m {
              [32m+[0m[0m cidr_blocks      = [
                  [32m+[0m[0m "0.0.0.0/0",
                ]
              [32m+[0m[0m from_port        = 0
              [32m+[0m[0m ipv6_cidr_blocks = []
              [32m+[0m[0m prefix_list_ids  = []
              [32m+[0m[0m protocol         = "-1"
              [32m+[0m[0m security_groups  = []
              [32m+[0m[0m self             = false
              [32m+[0m[0m to_port          = 0
                [90m# (1 unchanged attribute hidden)[0m[0m
            },
        ]
      [32m+[0m[0m id                     = (known after apply)
      [32m+[0m[0m ingress                = [
          [32m+[0m[0m {
              [32m+[0m[0m cidr_blocks      = [
                  [32m+[0m[0m "0.0.0.0/0",
                ]
              [32m+[0m[0m from_port        = 80
              [32m+[0m[0m ipv6_cidr_blocks = []
              [32m+[0m[0m prefix_list_ids  = []
              [32m+[0m[0m protocol         = "tcp"
              [32m+[0m[0m security_groups  = []
              [32m+[0m[0m self             = false
              [32m+[0m[0m to_port          = 80
                [90m# (1 unchanged attribute hidden)[0m[0m
            },
          [32m+[0m[0m {
              [32m+[0m[0m cidr_blocks      = [
                  [32m+[0m[0m "41.90.208.215/32",
                ]
              [32m+[0m[0m from_port        = 22
              [32m+[0m[0m ipv6_cidr_blocks = []
              [32m+[0m[0m prefix_list_ids  = []
              [32m+[0m[0m protocol         = "tcp"
              [32m+[0m[0m security_groups  = []
              [32m+[0m[0m self             = false
              [32m+[0m[0m to_port          = 22
                [90m# (1 unchanged attribute hidden)[0m[0m
            },
        ]
      [32m+[0m[0m name                   = "kijanikiosk-logs-staging-sg"
      [32m+[0m[0m name_prefix            = (known after apply)
      [32m+[0m[0m owner_id               = (known after apply)
      [32m+[0m[0m revoke_rules_on_delete = false
      [32m+[0m[0m tags                   = {
          [32m+[0m[0m "Name" = "kijanikiosk-logs-staging-sg"
        }
      [32m+[0m[0m tags_all               = {
          [32m+[0m[0m "Name" = "kijanikiosk-logs-staging-sg"
        }
      [32m+[0m[0m vpc_id                 = "vpc-7ba55102"
    }

[1m  # module.app_servers["payments"].aws_instance.this[0m will be created
[0m  [32m+[0m[0m resource "aws_instance" "this" {
      [32m+[0m[0m ami                                  = "ami-02b2b2920b4582828"
      [32m+[0m[0m arn                                  = (known after apply)
      [32m+[0m[0m associate_public_ip_address          = (known after apply)
      [32m+[0m[0m availability_zone                    = (known after apply)
      [32m+[0m[0m cpu_core_count                       = (known after apply)
      [32m+[0m[0m cpu_threads_per_core                 = (known after apply)
      [32m+[0m[0m disable_api_stop                     = (known after apply)
      [32m+[0m[0m disable_api_termination              = (known after apply)
      [32m+[0m[0m ebs_optimized                        = (known after apply)
      [32m+[0m[0m enable_primary_ipv6                  = (known after apply)
      [32m+[0m[0m get_password_data                    = false
      [32m+[0m[0m host_id                              = (known after apply)
      [32m+[0m[0m host_resource_group_arn              = (known after apply)
      [32m+[0m[0m iam_instance_profile                 = (known after apply)
      [32m+[0m[0m id                                   = (known after apply)
      [32m+[0m[0m instance_initiated_shutdown_behavior = (known after apply)
      [32m+[0m[0m instance_lifecycle                   = (known after apply)
      [32m+[0m[0m instance_state                       = (known after apply)
      [32m+[0m[0m instance_type                        = "t2.micro"
      [32m+[0m[0m ipv6_address_count                   = (known after apply)
      [32m+[0m[0m ipv6_addresses                       = (known after apply)
      [32m+[0m[0m key_name                             = "kijanikiosk-aws"
      [32m+[0m[0m monitoring                           = (known after apply)
      [32m+[0m[0m outpost_arn                          = (known after apply)
      [32m+[0m[0m password_data                        = (known after apply)
      [32m+[0m[0m placement_group                      = (known after apply)
      [32m+[0m[0m placement_partition_number           = (known after apply)
      [32m+[0m[0m primary_network_interface_id         = (known after apply)
      [32m+[0m[0m private_dns                          = (known after apply)
      [32m+[0m[0m private_ip                           = (known after apply)
      [32m+[0m[0m public_dns                           = (known after apply)
      [32m+[0m[0m public_ip                            = (known after apply)
      [32m+[0m[0m secondary_private_ips                = (known after apply)
      [32m+[0m[0m security_groups                      = (known after apply)
      [32m+[0m[0m source_dest_check                    = true
      [32m+[0m[0m spot_instance_request_id             = (known after apply)
      [32m+[0m[0m subnet_id                            = "subnet-15a48273"
      [32m+[0m[0m tags                                 = {
          [32m+[0m[0m "Environment" = "staging"
          [32m+[0m[0m "ManagedBy"   = "terraform"
          [32m+[0m[0m "Name"        = "kijanikiosk-payments-staging"
          [32m+[0m[0m "Service"     = "payments"
        }
      [32m+[0m[0m tags_all                             = {
          [32m+[0m[0m "Environment" = "staging"
          [32m+[0m[0m "ManagedBy"   = "terraform"
          [32m+[0m[0m "Name"        = "kijanikiosk-payments-staging"
          [32m+[0m[0m "Service"     = "payments"
        }
      [32m+[0m[0m tenancy                              = (known after apply)
      [32m+[0m[0m user_data                            = (known after apply)
      [32m+[0m[0m user_data_base64                     = (known after apply)
      [32m+[0m[0m user_data_replace_on_change          = false
      [32m+[0m[0m vpc_security_group_ids               = (known after apply)

      [32m+[0m[0m capacity_reservation_specification (known after apply)

      [32m+[0m[0m cpu_options (known after apply)

      [32m+[0m[0m ebs_block_device (known after apply)

      [32m+[0m[0m enclave_options (known after apply)

      [32m+[0m[0m ephemeral_block_device (known after apply)

      [32m+[0m[0m instance_market_options (known after apply)

      [32m+[0m[0m maintenance_options (known after apply)

      [32m+[0m[0m metadata_options (known after apply)

      [32m+[0m[0m network_interface (known after apply)

      [32m+[0m[0m private_dns_name_options (known after apply)

      [32m+[0m[0m root_block_device (known after apply)
    }

[1m  # module.app_servers["payments"].aws_security_group.app[0m will be created
[0m  [32m+[0m[0m resource "aws_security_group" "app" {
      [32m+[0m[0m arn                    = (known after apply)
      [32m+[0m[0m description            = "KijaniKiosk payments server firewall"
      [32m+[0m[0m egress                 = [
          [32m+[0m[0m {
              [32m+[0m[0m cidr_blocks      = [
                  [32m+[0m[0m "0.0.0.0/0",
                ]
              [32m+[0m[0m from_port        = 0
              [32m+[0m[0m ipv6_cidr_blocks = []
              [32m+[0m[0m prefix_list_ids  = []
              [32m+[0m[0m protocol         = "-1"
              [32m+[0m[0m security_groups  = []
              [32m+[0m[0m self             = false
              [32m+[0m[0m to_port          = 0
                [90m# (1 unchanged attribute hidden)[0m[0m
            },
        ]
      [32m+[0m[0m id                     = (known after apply)
      [32m+[0m[0m ingress                = [
          [32m+[0m[0m {
              [32m+[0m[0m cidr_blocks      = [
                  [32m+[0m[0m "0.0.0.0/0",
                ]
              [32m+[0m[0m from_port        = 80
              [32m+[0m[0m ipv6_cidr_blocks = []
              [32m+[0m[0m prefix_list_ids  = []
              [32m+[0m[0m protocol         = "tcp"
              [32m+[0m[0m security_groups  = []
              [32m+[0m[0m self             = false
              [32m+[0m[0m to_port          = 80
                [90m# (1 unchanged attribute hidden)[0m[0m
            },
          [32m+[0m[0m {
              [32m+[0m[0m cidr_blocks      = [
                  [32m+[0m[0m "41.90.208.215/32",
                ]
              [32m+[0m[0m from_port        = 22
              [32m+[0m[0m ipv6_cidr_blocks = []
              [32m+[0m[0m prefix_list_ids  = []
              [32m+[0m[0m protocol         = "tcp"
              [32m+[0m[0m security_groups  = []
              [32m+[0m[0m self             = false
              [32m+[0m[0m to_port          = 22
                [90m# (1 unchanged attribute hidden)[0m[0m
            },
        ]
      [32m+[0m[0m name                   = "kijanikiosk-payments-staging-sg"
      [32m+[0m[0m name_prefix            = (known after apply)
      [32m+[0m[0m owner_id               = (known after apply)
      [32m+[0m[0m revoke_rules_on_delete = false
      [32m+[0m[0m tags                   = {
          [32m+[0m[0m "Name" = "kijanikiosk-payments-staging-sg"
        }
      [32m+[0m[0m tags_all               = {
          [32m+[0m[0m "Name" = "kijanikiosk-payments-staging-sg"
        }
      [32m+[0m[0m vpc_id                 = "vpc-7ba55102"
    }

[1mPlan:[0m [0m6 to add, 0 to change, 0 to destroy.

Changes to Outputs:
  [32m+[0m[0m api_server_ip      = (known after apply)
  [32m+[0m[0m logs_server_ip     = (known after apply)
  [32m+[0m[0m payments_server_ip = (known after apply)
  [32m+[0m[0m server_public_ips  = {
      [32m+[0m[0m api      = (known after apply)
      [32m+[0m[0m logs     = (known after apply)
      [32m+[0m[0m payments = (known after apply)
    }
  [32m+[0m[0m ssh_commands       = {
      [32m+[0m[0m api      = (known after apply)
      [32m+[0m[0m logs     = (known after apply)
      [32m+[0m[0m payments = (known after apply)
    }
[90m
─────────────────────────────────────────────────────────────────────────────[0m

Saved the plan to: pipeline.tfplan

To perform exactly these actions, run the following command to apply:
    terraform apply "pipeline.tfplan"

>>> Running terraform apply...
[33m╷[0m[0m
[33m│[0m [0m[1m[33mWarning: [0m[0m[1mDeprecated Parameter[0m
[33m│[0m [0m
[33m│[0m [0m[0mThe parameter "dynamodb_table" is deprecated. Use parameter "use_lockfile"
[33m│[0m [0minstead.
[33m╵[0m[0m
Acquiring state lock. This may take a few moments...
[0m[1mmodule.app_servers["payments"].aws_security_group.app: Creating...[0m[0m
[0m[1mmodule.app_servers["logs"].aws_security_group.app: Creating...[0m[0m
[0m[1mmodule.app_servers["api"].aws_security_group.app: Creating...[0m[0m
[0m[1mmodule.app_servers["logs"].aws_security_group.app: Creation complete after 4s [id=sg-0093d774408963cf7][0m
[0m[1mmodule.app_servers["payments"].aws_security_group.app: Creation complete after 4s [id=sg-008656991d021a364][0m
[0m[1mmodule.app_servers["api"].aws_security_group.app: Creation complete after 4s [id=sg-031e084a767c850d2][0m
[0m[1mmodule.app_servers["api"].aws_instance.this: Creating...[0m[0m
[0m[1mmodule.app_servers["logs"].aws_instance.this: Creating...[0m[0m
[0m[1mmodule.app_servers["payments"].aws_instance.this: Creating...[0m[0m
[0m[1mmodule.app_servers["payments"].aws_instance.this: Still creating... [00m10s elapsed][0m[0m
[0m[1mmodule.app_servers["api"].aws_instance.this: Still creating... [00m10s elapsed][0m[0m
[0m[1mmodule.app_servers["logs"].aws_instance.this: Still creating... [00m10s elapsed][0m[0m
[0m[1mmodule.app_servers["logs"].aws_instance.this: Still creating... [00m20s elapsed][0m[0m
[0m[1mmodule.app_servers["payments"].aws_instance.this: Still creating... [00m20s elapsed][0m[0m
[0m[1mmodule.app_servers["api"].aws_instance.this: Still creating... [00m20s elapsed][0m[0m
[0m[1mmodule.app_servers["payments"].aws_instance.this: Still creating... [00m30s elapsed][0m[0m
[0m[1mmodule.app_servers["api"].aws_instance.this: Still creating... [00m30s elapsed][0m[0m
[0m[1mmodule.app_servers["logs"].aws_instance.this: Still creating... [00m30s elapsed][0m[0m
[0m[1mmodule.app_servers["api"].aws_instance.this: Creation complete after 34s [id=i-0def7946d8463277c][0m
[0m[1mmodule.app_servers["logs"].aws_instance.this: Creation complete after 35s [id=i-04c65b7f2a37a82f2][0m
[0m[1mmodule.app_servers["payments"].aws_instance.this: Creation complete after 35s [id=i-07be22edf60ca15d1][0m
[0m[1m[32m
Apply complete! Resources: 6 added, 0 changed, 0 destroyed.[0m
[0m[1m[32m
Outputs:

[0mapi_server_ip = "3.255.249.15"
logs_server_ip = "54.229.243.42"
payments_server_ip = "18.202.22.125"
server_public_ips = {
  "api" = "3.255.249.15"
  "logs" = "54.229.243.42"
  "payments" = "18.202.22.125"
}
ssh_commands = {
  "api" = "ssh -i ~/.ssh/kijanikiosk-aws.pem ubuntu@3.255.249.15"
  "logs" = "ssh -i ~/.ssh/kijanikiosk-aws.pem ubuntu@54.229.243.42"
  "payments" = "ssh -i ~/.ssh/kijanikiosk-aws.pem ubuntu@18.202.22.125"
}

>>> Extracting server IPs from Terraform outputs...
  API:      3.255.249.15
  Payments: 18.202.22.125
  Logs:     54.229.243.42

>>> Phase 2: Writing Ansible inventory from Terraform outputs
--------------------------------------------
  Inventory written to /home/chela/code/learning_development/moringa_devops13/kijaniosk-devops-foundation/week4/friday/ansible/inventory.ini

>>> Phase 3: Waiting for SSH to be available on all servers...
--------------------------------------------
  Waiting for 3.255.249.15... ready
  Waiting for 18.202.22.125... ready
  Waiting for 54.229.243.42... ready

>>> Phase 4: Ansible - Configuring servers
--------------------------------------------
>>> Testing connectivity...
payments-staging | SUCCESS => {
    "changed": false,
    "ping": "pong"
}
api-staging | SUCCESS => {
    "changed": false,
    "ping": "pong"
}
logs-staging | SUCCESS => {
    "changed": false,
    "ping": "pong"
}

>>> Running playbook...

PLAY [Configure KijaniKiosk servers] *******************************************

TASK [Gathering Facts] *********************************************************
ok: [payments-staging]
ok: [api-staging]
ok: [logs-staging]

TASK [Update apt cache] ********************************************************
changed: [logs-staging]
changed: [payments-staging]
changed: [api-staging]

TASK [Install required packages] ***********************************************
changed: [payments-staging]
changed: [logs-staging]
changed: [api-staging]

TASK [Create kijanikiosk system group] *****************************************
changed: [api-staging]
changed: [payments-staging]
changed: [logs-staging]

TASK [Create service account] **************************************************
changed: [payments-staging]
changed: [logs-staging]
changed: [api-staging]

TASK [Create application directory tree] ***************************************
changed: [api-staging] => (item={'path': '/opt/kijanikiosk/api', 'owner': 'kk-api', 'mode': '0750'})
changed: [payments-staging] => (item={'path': '/opt/kijanikiosk/payments', 'owner': 'kk-payments', 'mode': '0750'})
changed: [logs-staging] => (item={'path': '/opt/kijanikiosk/logs', 'owner': 'kk-logs', 'mode': '0750'})
changed: [api-staging] => (item={'path': '/opt/kijanikiosk/shared/logs', 'owner': 'kk-api', 'mode': '0770'})
changed: [payments-staging] => (item={'path': '/opt/kijanikiosk/shared/logs', 'owner': 'kk-payments', 'mode': '0770'})
changed: [logs-staging] => (item={'path': '/opt/kijanikiosk/shared/logs', 'owner': 'kk-logs', 'mode': '0770'})
changed: [api-staging] => (item={'path': '/opt/kijanikiosk/health', 'owner': 'kk-api', 'mode': '0755'})
changed: [payments-staging] => (item={'path': '/opt/kijanikiosk/health', 'owner': 'kk-payments', 'mode': '0755'})
changed: [logs-staging] => (item={'path': '/opt/kijanikiosk/health', 'owner': 'kk-logs', 'mode': '0755'})
changed: [payments-staging] => (item={'path': '/opt/kijanikiosk/config', 'owner': 'root', 'mode': '0755'})
changed: [logs-staging] => (item={'path': '/opt/kijanikiosk/config', 'owner': 'root', 'mode': '0755'})
changed: [api-staging] => (item={'path': '/opt/kijanikiosk/config', 'owner': 'root', 'mode': '0755'})

TASK [Deploy systemd unit file] ************************************************
changed: [payments-staging]
changed: [logs-staging]
changed: [api-staging]

TASK [Enable service] **********************************************************
changed: [api-staging]
changed: [payments-staging]
changed: [logs-staging]

TASK [Allow SSH] ***************************************************************
changed: [logs-staging]
changed: [payments-staging]
changed: [api-staging]

TASK [Allow service port on loopback] ******************************************
changed: [logs-staging]
changed: [api-staging]
changed: [payments-staging]

TASK [Set ufw default deny incoming] *******************************************
changed: [payments-staging]
changed: [logs-staging]
changed: [api-staging]

TASK [Create persistent journal directory] *************************************
changed: [payments-staging]
changed: [logs-staging]
changed: [api-staging]

TASK [Deploy logrotate configuration] ******************************************
changed: [payments-staging]
changed: [logs-staging]
changed: [api-staging]

RUNNING HANDLER [Reload systemd] ***********************************************
ok: [logs-staging]
ok: [api-staging]
ok: [payments-staging]

RUNNING HANDLER [Restart service] **********************************************
skipping: [api-staging]
skipping: [payments-staging]
skipping: [logs-staging]

RUNNING HANDLER [Reload journald] **********************************************
changed: [payments-staging]
changed: [logs-staging]
changed: [api-staging]

PLAY RECAP *********************************************************************
api-staging                : ok=15   changed=13   unreachable=0    failed=0    skipped=1    rescued=0    ignored=0   
logs-staging               : ok=15   changed=13   unreachable=0    failed=0    skipped=1    rescued=0    ignored=0   
payments-staging           : ok=15   changed=13   unreachable=0    failed=0    skipped=1    rescued=0    ignored=0   


============================================
  Pipeline complete!
  Mon Apr 20 09:58:01 PM EAT 2026
============================================

SSH commands:
  API:      ssh -i /home/chela/.ssh/kijanikiosk-aws.pem ubuntu@3.255.249.15
  Payments: ssh -i /home/chela/.ssh/kijanikiosk-aws.pem ubuntu@18.202.22.125
  Logs:     ssh -i /home/chela/.ssh/kijanikiosk-aws.pem ubuntu@54.229.243.42
