============================================
  KijaniKiosk IaC Pipeline
  Mon Apr 20 10:02:32 PM EAT 2026
============================================

>>> Phase 1: Terraform - Provisioning infrastructure
--------------------------------------------
[0m[1mInitializing the backend...[0m
[0m[1mInitializing modules...[0m
[0m[1mInitializing provider plugins...[0m
- Reusing previous version of hashicorp/aws from the dependency lock file
- Using previously-installed hashicorp/aws v5.100.0

[0m[1m[32mTerraform has been successfully initialized![0m[32m[0m
[0m[32m
You may now begin working with Terraform. Try running "terraform plan" to see
any changes that are required for your infrastructure. All Terraform commands
should now work.

If you ever set or change modules or backend configuration for Terraform,
rerun this command to reinitialize your working directory. If you forget, other
commands will detect it and remind you to do so if necessary.[0m

>>> Running terraform plan...
Acquiring state lock. This may take a few moments...
[0m[1mdata.aws_vpc.default: Reading...[0m[0m
[0m[1mdata.aws_ami.ubuntu_2204: Reading...[0m[0m
[0m[1mdata.aws_ami.ubuntu_2204: Read complete after 1s [id=ami-02b2b2920b4582828][0m
[0m[1mdata.aws_vpc.default: Read complete after 1s [id=vpc-7ba55102][0m
[0m[1mdata.aws_subnets.default: Reading...[0m[0m
[0m[1mmodule.app_servers["api"].aws_security_group.app: Refreshing state... [id=sg-031e084a767c850d2][0m
[0m[1mmodule.app_servers["payments"].aws_security_group.app: Refreshing state... [id=sg-008656991d021a364][0m
[0m[1mmodule.app_servers["logs"].aws_security_group.app: Refreshing state... [id=sg-0093d774408963cf7][0m
[0m[1mdata.aws_subnets.default: Read complete after 1s [id=eu-west-1][0m
[0m[1mmodule.app_servers["logs"].aws_instance.this: Refreshing state... [id=i-04c65b7f2a37a82f2][0m
[0m[1mmodule.app_servers["payments"].aws_instance.this: Refreshing state... [id=i-07be22edf60ca15d1][0m
[0m[1mmodule.app_servers["api"].aws_instance.this: Refreshing state... [id=i-0def7946d8463277c][0m

[0m[1m[32mNo changes.[0m[1m Your infrastructure matches the configuration.[0m

[0mTerraform has compared your real infrastructure against your configuration
and found no differences, so no changes are needed.

>>> Running terraform apply...
[33m╷[0m[0m
[33m│[0m [0m[1m[33mWarning: [0m[0m[1mDeprecated Parameter[0m
[33m│[0m [0m
[33m│[0m [0m[0mThe parameter "dynamodb_table" is deprecated. Use parameter "use_lockfile"
[33m│[0m [0minstead.
[33m╵[0m[0m
Acquiring state lock. This may take a few moments...
[0m[1m[32m
Apply complete! Resources: 0 added, 0 changed, 0 destroyed.[0m
[0m[1m[32m
Outputs:

[0mapi_server_ip = "3.255.249.15"
logs_server_ip = "54.229.243.42"
payments_server_ip = "18.202.22.125"
server_public_ips = {
  "api" = "3.255.249.15"
  "logs" = "54.229.243.42"
  "payments" = "18.202.22.125"
}
ssh_commands = {
  "api" = "ssh -i ~/.ssh/kijanikiosk-aws.pem ubuntu@3.255.249.15"
  "logs" = "ssh -i ~/.ssh/kijanikiosk-aws.pem ubuntu@54.229.243.42"
  "payments" = "ssh -i ~/.ssh/kijanikiosk-aws.pem ubuntu@18.202.22.125"
}

>>> Extracting server IPs from Terraform outputs...
  API:      3.255.249.15
  Payments: 18.202.22.125
  Logs:     54.229.243.42

>>> Phase 2: Writing Ansible inventory from Terraform outputs
--------------------------------------------
  Inventory written to /home/chela/code/learning_development/moringa_devops13/kijaniosk-devops-foundation/week4/friday/ansible/inventory.ini

>>> Phase 3: Waiting for SSH to be available on all servers...
--------------------------------------------
  Waiting for 3.255.249.15... ready
  Waiting for 18.202.22.125... ready
  Waiting for 54.229.243.42... ready

>>> Phase 4: Ansible - Configuring servers
--------------------------------------------
>>> Testing connectivity...
api-staging | SUCCESS => {
    "changed": false,
    "ping": "pong"
}
payments-staging | SUCCESS => {
    "changed": false,
    "ping": "pong"
}
logs-staging | SUCCESS => {
    "changed": false,
    "ping": "pong"
}

>>> Running playbook...

PLAY [Configure KijaniKiosk servers] *******************************************

TASK [Gathering Facts] *********************************************************
ok: [logs-staging]
ok: [api-staging]
ok: [payments-staging]

TASK [Update apt cache] ********************************************************
ok: [payments-staging]
ok: [api-staging]
ok: [logs-staging]

TASK [Install required packages] ***********************************************
ok: [payments-staging]
ok: [logs-staging]
ok: [api-staging]

TASK [Create kijanikiosk system group] *****************************************
ok: [api-staging]
ok: [payments-staging]
ok: [logs-staging]

TASK [Create service account] **************************************************
ok: [payments-staging]
ok: [logs-staging]
ok: [api-staging]

TASK [Create application directory tree] ***************************************
ok: [logs-staging] => (item={'path': '/opt/kijanikiosk/logs', 'owner': 'kk-logs', 'mode': '0750'})
ok: [api-staging] => (item={'path': '/opt/kijanikiosk/api', 'owner': 'kk-api', 'mode': '0750'})
ok: [payments-staging] => (item={'path': '/opt/kijanikiosk/payments', 'owner': 'kk-payments', 'mode': '0750'})
ok: [logs-staging] => (item={'path': '/opt/kijanikiosk/shared/logs', 'owner': 'kk-logs', 'mode': '0770'})
ok: [api-staging] => (item={'path': '/opt/kijanikiosk/shared/logs', 'owner': 'kk-api', 'mode': '0770'})
ok: [payments-staging] => (item={'path': '/opt/kijanikiosk/shared/logs', 'owner': 'kk-payments', 'mode': '0770'})
ok: [logs-staging] => (item={'path': '/opt/kijanikiosk/health', 'owner': 'kk-logs', 'mode': '0755'})
ok: [api-staging] => (item={'path': '/opt/kijanikiosk/health', 'owner': 'kk-api', 'mode': '0755'})
ok: [payments-staging] => (item={'path': '/opt/kijanikiosk/health', 'owner': 'kk-payments', 'mode': '0755'})
ok: [logs-staging] => (item={'path': '/opt/kijanikiosk/config', 'owner': 'root', 'mode': '0755'})
ok: [api-staging] => (item={'path': '/opt/kijanikiosk/config', 'owner': 'root', 'mode': '0755'})
ok: [payments-staging] => (item={'path': '/opt/kijanikiosk/config', 'owner': 'root', 'mode': '0755'})

TASK [Deploy systemd unit file] ************************************************
ok: [payments-staging]
ok: [logs-staging]
ok: [api-staging]

TASK [Enable service] **********************************************************
ok: [payments-staging]
ok: [api-staging]
ok: [logs-staging]

TASK [Allow SSH] ***************************************************************
ok: [logs-staging]
ok: [payments-staging]
ok: [api-staging]

TASK [Allow service port on loopback] ******************************************
ok: [logs-staging]
ok: [payments-staging]
ok: [api-staging]

TASK [Set ufw default deny incoming] *******************************************
ok: [api-staging]
ok: [logs-staging]
ok: [payments-staging]

TASK [Create persistent journal directory] *************************************
ok: [logs-staging]
ok: [api-staging]
ok: [payments-staging]

TASK [Deploy logrotate configuration] ******************************************
ok: [logs-staging]
ok: [payments-staging]
ok: [api-staging]

PLAY RECAP *********************************************************************
api-staging                : ok=13   changed=0    unreachable=0    failed=0    skipped=0    rescued=0    ignored=0   
logs-staging               : ok=13   changed=0    unreachable=0    failed=0    skipped=0    rescued=0    ignored=0   
payments-staging           : ok=13   changed=0    unreachable=0    failed=0    skipped=0    rescued=0    ignored=0   


============================================
  Pipeline complete!
  Mon Apr 20 10:08:07 PM EAT 2026
============================================

SSH commands:
  API:      ssh -i /home/chela/.ssh/kijanikiosk-aws.pem ubuntu@3.255.249.15
  Payments: ssh -i /home/chela/.ssh/kijanikiosk-aws.pem ubuntu@18.202.22.125
  Logs:     ssh -i /home/chela/.ssh/kijanikiosk-aws.pem ubuntu@54.229.243.42
